<?xml version="1.0" encoding="UTF-8"?><testrun name="TestRunner" project="OpenWheatherBDDFramework" tests="4" started="4" failures="0" errors="4" ignored="2">
  <testsuite name="Runner.TestRunner" time="0.014">
    <testsuite name="Feature: Label verification on Home Page" time="0.014">
      <testsuite name="Scenario: Label_Verification" time="0.007" incomplete="true">
        <error>java.lang.IllegalStateException: The driver executable is a directory: E:\NewWorkSpace\Automation\exefiles&#13;
	at com.google.common.base.Preconditions.checkState(Preconditions.java:534)&#13;
	at org.openqa.selenium.remote.service.DriverService.checkExecutable(DriverService.java:138)&#13;
	at org.openqa.selenium.remote.service.DriverService.findExecutable(DriverService.java:131)&#13;
	at org.openqa.selenium.chrome.ChromeDriverService.access$000(ChromeDriverService.java:32)&#13;
	at org.openqa.selenium.chrome.ChromeDriverService$Builder.findDefaultExecutable(ChromeDriverService.java:137)&#13;
	at org.openqa.selenium.remote.service.DriverService$Builder.build(DriverService.java:329)&#13;
	at org.openqa.selenium.chrome.ChromeDriverService.createDefaultService(ChromeDriverService.java:88)&#13;
	at org.openqa.selenium.chrome.ChromeDriver.&lt;init&gt;(ChromeDriver.java:124)&#13;
	at StepDefination.LabelStepDefination.User_already_on_Home_Page(LabelStepDefination.java:19)&#13;
	at ✽.Given User already on Home Page(E:/OpenWheather/OpenWheatherBDDFramework/src/main/java/Feature/labelverify.feature:5)&#13;
&#13;
cucumber.api.PendingException: TODO: implement me&#13;
	at cucumber.runtime.junit.JUnitReporter.addFailure(JUnitReporter.java:150)&#13;
	at cucumber.runtime.junit.JUnitReporter.addFailureOrIgnoreStep(JUnitReporter.java:138)&#13;
	at cucumber.runtime.junit.JUnitReporter.result(JUnitReporter.java:98)&#13;
	at cucumber.runtime.Runtime.runStep(Runtime.java:282)&#13;
	at cucumber.runtime.model.StepContainer.runStep(StepContainer.java:44)&#13;
	at cucumber.runtime.model.StepContainer.runSteps(StepContainer.java:39)&#13;
	at cucumber.runtime.model.CucumberScenario.run(CucumberScenario.java:44)&#13;
	at cucumber.runtime.junit.ExecutionUnitRunner.run(ExecutionUnitRunner.java:102)&#13;
	at cucumber.runtime.junit.FeatureRunner.runChild(FeatureRunner.java:63)&#13;
	at cucumber.runtime.junit.FeatureRunner.runChild(FeatureRunner.java:18)&#13;
	at org.junit.runners.ParentRunner$3.run(ParentRunner.java:290)&#13;
	at org.junit.runners.ParentRunner$1.schedule(ParentRunner.java:71)&#13;
	at org.junit.runners.ParentRunner.runChildren(ParentRunner.java:288)&#13;
	at org.junit.runners.ParentRunner.access$000(ParentRunner.java:58)&#13;
	at org.junit.runners.ParentRunner$2.evaluate(ParentRunner.java:268)&#13;
	at org.junit.runners.ParentRunner.run(ParentRunner.java:363)&#13;
	at cucumber.runtime.junit.FeatureRunner.run(FeatureRunner.java:70)&#13;
	at cucumber.api.junit.Cucumber.runChild(Cucumber.java:95)&#13;
	at cucumber.api.junit.Cucumber.runChild(Cucumber.java:38)&#13;
	at org.junit.runners.ParentRunner$3.run(ParentRunner.java:290)&#13;
	at org.junit.runners.ParentRunner$1.schedule(ParentRunner.java:71)&#13;
	at org.junit.runners.ParentRunner.runChildren(ParentRunner.java:288)&#13;
	at org.junit.runners.ParentRunner.access$000(ParentRunner.java:58)&#13;
	at org.junit.runners.ParentRunner$2.evaluate(ParentRunner.java:268)&#13;
	at org.junit.runners.ParentRunner.run(ParentRunner.java:363)&#13;
	at cucumber.api.junit.Cucumber.run(Cucumber.java:100)&#13;
	at org.eclipse.jdt.internal.junit4.runner.JUnit4TestReference.run(JUnit4TestReference.java:86)&#13;
	at org.eclipse.jdt.internal.junit.runner.TestExecution.run(TestExecution.java:38)&#13;
	at org.eclipse.jdt.internal.junit.runner.RemoteTestRunner.runTests(RemoteTestRunner.java:459)&#13;
	at org.eclipse.jdt.internal.junit.runner.RemoteTestRunner.runTests(RemoteTestRunner.java:678)&#13;
	at org.eclipse.jdt.internal.junit.runner.RemoteTestRunner.run(RemoteTestRunner.java:382)&#13;
	at org.eclipse.jdt.internal.junit.runner.RemoteTestRunner.main(RemoteTestRunner.java:192)&#13;
&#13;
</error>
        <testcase name="Given User already on Home Page" classname="Scenario: Label_Verification" time="0.006">
          <error>java.lang.IllegalStateException: The driver executable is a directory: E:\NewWorkSpace\Automation\exefiles&#13;
	at com.google.common.base.Preconditions.checkState(Preconditions.java:534)&#13;
	at org.openqa.selenium.remote.service.DriverService.checkExecutable(DriverService.java:138)&#13;
	at org.openqa.selenium.remote.service.DriverService.findExecutable(DriverService.java:131)&#13;
	at org.openqa.selenium.chrome.ChromeDriverService.access$000(ChromeDriverService.java:32)&#13;
	at org.openqa.selenium.chrome.ChromeDriverService$Builder.findDefaultExecutable(ChromeDriverService.java:137)&#13;
	at org.openqa.selenium.remote.service.DriverService$Builder.build(DriverService.java:329)&#13;
	at org.openqa.selenium.chrome.ChromeDriverService.createDefaultService(ChromeDriverService.java:88)&#13;
	at org.openqa.selenium.chrome.ChromeDriver.&lt;init&gt;(ChromeDriver.java:124)&#13;
	at StepDefination.LabelStepDefination.User_already_on_Home_Page(LabelStepDefination.java:19)&#13;
	at ✽.Given User already on Home Page(E:/OpenWheather/OpenWheatherBDDFramework/src/main/java/Feature/labelverify.feature:5)&#13;
&#13;
</error>
        </testcase>
        <testcase name="When Title of the page is Сurrent weather and forecast - OpenWeatherMap" classname="Scenario: Label_Verification" time="0.0" ignored="true"/>
        <testcase name="Then User enters CityName" classname="Scenario: Label_Verification" time="0.0" ignored="true"/>
        <testcase name="And User clicks on Search button" classname="Scenario: Label_Verification" time="0.002">
          <error>cucumber.api.PendingException: TODO: implement me&#13;
	at cucumber.runtime.junit.JUnitReporter.addFailure(JUnitReporter.java:150)&#13;
	at cucumber.runtime.junit.JUnitReporter.addFailureOrIgnoreStep(JUnitReporter.java:138)&#13;
	at cucumber.runtime.junit.JUnitReporter.result(JUnitReporter.java:98)&#13;
	at cucumber.runtime.Runtime.runStep(Runtime.java:282)&#13;
	at cucumber.runtime.model.StepContainer.runStep(StepContainer.java:44)&#13;
	at cucumber.runtime.model.StepContainer.runSteps(StepContainer.java:39)&#13;
	at cucumber.runtime.model.CucumberScenario.run(CucumberScenario.java:44)&#13;
	at cucumber.runtime.junit.ExecutionUnitRunner.run(ExecutionUnitRunner.java:102)&#13;
	at cucumber.runtime.junit.FeatureRunner.runChild(FeatureRunner.java:63)&#13;
	at cucumber.runtime.junit.FeatureRunner.runChild(FeatureRunner.java:18)&#13;
	at org.junit.runners.ParentRunner$3.run(ParentRunner.java:290)&#13;
	at org.junit.runners.ParentRunner$1.schedule(ParentRunner.java:71)&#13;
	at org.junit.runners.ParentRunner.runChildren(ParentRunner.java:288)&#13;
	at org.junit.runners.ParentRunner.access$000(ParentRunner.java:58)&#13;
	at org.junit.runners.ParentRunner$2.evaluate(ParentRunner.java:268)&#13;
	at org.junit.runners.ParentRunner.run(ParentRunner.java:363)&#13;
	at cucumber.runtime.junit.FeatureRunner.run(FeatureRunner.java:70)&#13;
	at cucumber.api.junit.Cucumber.runChild(Cucumber.java:95)&#13;
	at cucumber.api.junit.Cucumber.runChild(Cucumber.java:38)&#13;
	at org.junit.runners.ParentRunner$3.run(ParentRunner.java:290)&#13;
	at org.junit.runners.ParentRunner$1.schedule(ParentRunner.java:71)&#13;
	at org.junit.runners.ParentRunner.runChildren(ParentRunner.java:288)&#13;
	at org.junit.runners.ParentRunner.access$000(ParentRunner.java:58)&#13;
	at org.junit.runners.ParentRunner$2.evaluate(ParentRunner.java:268)&#13;
	at org.junit.runners.ParentRunner.run(ParentRunner.java:363)&#13;
	at cucumber.api.junit.Cucumber.run(Cucumber.java:100)&#13;
	at org.eclipse.jdt.internal.junit4.runner.JUnit4TestReference.run(JUnit4TestReference.java:86)&#13;
	at org.eclipse.jdt.internal.junit.runner.TestExecution.run(TestExecution.java:38)&#13;
	at org.eclipse.jdt.internal.junit.runner.RemoteTestRunner.runTests(RemoteTestRunner.java:459)&#13;
	at org.eclipse.jdt.internal.junit.runner.RemoteTestRunner.runTests(RemoteTestRunner.java:678)&#13;
	at org.eclipse.jdt.internal.junit.runner.RemoteTestRunner.run(RemoteTestRunner.java:382)&#13;
	at org.eclipse.jdt.internal.junit.runner.RemoteTestRunner.main(RemoteTestRunner.java:192)&#13;
&#13;
</error>
        </testcase>
      </testsuite>
    </testsuite>
  </testsuite>
</testrun>
